<?xml version="1.0" encoding="UTF-8"?>
<coverage generated="1784719182597" clover="3.2.0">
  <project timestamp="1784719182597" name="All files">
    <metrics statements="34" coveredstatements="34" conditionals="12" coveredconditionals="11" methods="16" coveredmethods="16" elements="62" coveredelements="61" complexity="0" loc="34" ncloc="34" packages="2" files="4" classes="4"/>
    <package name="hooks">
      <metrics statements="22" coveredstatements="22" conditionals="8" coveredconditionals="7" methods="11" coveredmethods="11"/>
      <file name="useBudgetCalculator.ts" path="C:\Especialització_ItAcademy\PROJECTE 2 - Budget\project-2-budget-app\src\hooks\useBudgetCalculator.ts">
        <metrics statements="16" coveredstatements="16" conditionals="6" coveredconditionals="6" methods="6" coveredmethods="6"/>
        <line num="7" count="16" type="stmt"/>
        <line num="9" count="16" type="stmt"/>
        <line num="12" count="5" type="stmt"/>
        <line num="13" count="5" type="stmt"/>
        <line num="15" count="5" type="cond" truecount="2" falsecount="0"/>
        <line num="16" count="1" type="stmt"/>
        <line num="18" count="4" type="stmt"/>
        <line num="20" count="5" type="stmt"/>
        <line num="25" count="3" type="cond" truecount="2" falsecount="0"/>
        <line num="26" count="2" type="stmt"/>
        <line num="31" count="3" type="cond" truecount="2" falsecount="0"/>
        <line num="32" count="2" type="stmt"/>
        <line num="36" count="16" type="stmt"/>
        <line num="39" count="1" type="stmt"/>
        <line num="40" count="1" type="stmt"/>
        <line num="43" count="16" type="stmt"/>
      </file>
      <file name="useBudgetList.ts" path="C:\Especialització_ItAcademy\PROJECTE 2 - Budget\project-2-budget-app\src\hooks\useBudgetList.ts">
        <metrics statements="6" coveredstatements="6" conditionals="2" coveredconditionals="1" methods="5" coveredmethods="5"/>
        <line num="6" count="2" type="stmt"/>
        <line num="7" count="1" type="stmt"/>
        <line num="8" count="1" type="cond" truecount="1" falsecount="1"/>
        <line num="11" count="2" type="stmt"/>
        <line num="15" count="1" type="stmt"/>
        <line num="18" count="2" type="stmt"/>
      </file>
    </package>
    <package name="services">
      <metrics statements="12" coveredstatements="12" conditionals="4" coveredconditionals="4" methods="5" coveredmethods="5"/>
      <file name="idGenerator.ts" path="C:\Especialització_ItAcademy\PROJECTE 2 - Budget\project-2-budget-app\src\services\idGenerator.ts">
        <metrics statements="2" coveredstatements="2" conditionals="0" coveredconditionals="0" methods="1" coveredmethods="1"/>
        <line num="7" count="1" type="stmt"/>
        <line num="14" count="1" type="stmt"/>
      </file>
      <file name="priceCalculator.ts" path="C:\Especialització_ItAcademy\PROJECTE 2 - Budget\project-2-budget-app\src\services\priceCalculator.ts">
        <metrics statements="10" coveredstatements="10" conditionals="4" coveredconditionals="4" methods="4" coveredmethods="4"/>
        <line num="7" count="7" type="cond" truecount="2" falsecount="0"/>
        <line num="8" count="2" type="cond" truecount="2" falsecount="0"/>
        <line num="9" count="1" type="stmt"/>
        <line num="11" count="1" type="stmt"/>
        <line num="14" count="5" type="stmt"/>
        <line num="17" count="7" type="stmt"/>
        <line num="22" count="16" type="stmt"/>
        <line num="23" count="48" type="stmt"/>
        <line num="24" count="4" type="stmt"/>
        <line num="25" count="16" type="stmt"/>
      </file>
    </package>
  </project>
</coverage>
