<?xml version="1.0" encoding="UTF-8"?>
<coverage generated="1784716072362" clover="3.2.0">
  <project timestamp="1784716072362" name="All files">
    <metrics statements="18" coveredstatements="14" conditionals="6" coveredconditionals="5" methods="10" coveredmethods="7" elements="34" coveredelements="26" complexity="0" loc="18" ncloc="18" packages="2" files="3" classes="3"/>
    <package name="hooks">
      <metrics statements="6" coveredstatements="6" conditionals="2" coveredconditionals="1" methods="5" coveredmethods="5"/>
      <file name="useBudgetList.ts" path="C:\Especialització_ItAcademy\PROJECTE 2 - Budget\project-2-budget-app\src\hooks\useBudgetList.ts">
        <metrics statements="6" coveredstatements="6" conditionals="2" coveredconditionals="1" methods="5" coveredmethods="5"/>
        <line num="6" count="2" type="stmt"/>
        <line num="7" count="1" type="stmt"/>
        <line num="8" count="1" type="cond" truecount="1" falsecount="1"/>
        <line num="11" count="2" type="stmt"/>
        <line num="15" count="1" type="stmt"/>
        <line num="18" count="2" type="stmt"/>
      </file>
    </package>
    <package name="services">
      <metrics statements="12" coveredstatements="8" conditionals="4" coveredconditionals="4" methods="5" coveredmethods="2"/>
      <file name="idGenerator.ts" path="C:\Especialització_ItAcademy\PROJECTE 2 - Budget\project-2-budget-app\src\services\idGenerator.ts">
        <metrics statements="2" coveredstatements="2" conditionals="0" coveredconditionals="0" methods="1" coveredmethods="1"/>
        <line num="7" count="1" type="stmt"/>
        <line num="14" count="1" type="stmt"/>
      </file>
      <file name="priceCalculator.ts" path="C:\Especialització_ItAcademy\PROJECTE 2 - Budget\project-2-budget-app\src\services\priceCalculator.ts">
        <metrics statements="10" coveredstatements="6" conditionals="4" coveredconditionals="4" methods="4" coveredmethods="1"/>
        <line num="7" count="3" type="cond" truecount="2" falsecount="0"/>
        <line num="8" count="2" type="cond" truecount="2" falsecount="0"/>
        <line num="9" count="1" type="stmt"/>
        <line num="11" count="1" type="stmt"/>
        <line num="14" count="1" type="stmt"/>
        <line num="17" count="3" type="stmt"/>
        <line num="22" count="0" type="stmt"/>
        <line num="23" count="0" type="stmt"/>
        <line num="24" count="0" type="stmt"/>
        <line num="25" count="0" type="stmt"/>
      </file>
    </package>
  </project>
</coverage>
