{"C:\\Especialització_ItAcademy\\PROJECTE 2 - Budget\\project-2-budget-app\\src\\hooks\\useBudgetCalculator.ts": {"path":"C:\\Especialització_ItAcademy\\PROJECTE 2 - Budget\\project-2-budget-app\\src\\hooks\\useBudgetCalculator.ts","statementMap":{"0":{"start":{"line":7,"column":29},"end":{"line":7,"column":null}},"1":{"start":{"line":9,"column":22},"end":{"line":9,"column":null}},"2":{"start":{"line":12,"column":8},"end":{"line":21,"column":null}},"3":{"start":{"line":13,"column":31},"end":{"line":13,"column":null}},"4":{"start":{"line":15,"column":12},"end":{"line":19,"column":null}},"5":{"start":{"line":16,"column":16},"end":{"line":16,"column":null}},"6":{"start":{"line":18,"column":16},"end":{"line":18,"column":null}},"7":{"start":{"line":20,"column":12},"end":{"line":20,"column":null}},"8":{"start":{"line":25,"column":8},"end":{"line":27,"column":null}},"9":{"start":{"line":26,"column":12},"end":{"line":26,"column":null}},"10":{"start":{"line":31,"column":8},"end":{"line":33,"column":null}},"11":{"start":{"line":32,"column":12},"end":{"line":32,"column":null}},"12":{"start":{"line":36,"column":10},"end":{"line":36,"column":null}},"13":{"start":{"line":39,"column":8},"end":{"line":39,"column":null}},"14":{"start":{"line":40,"column":8},"end":{"line":40,"column":null}},"15":{"start":{"line":43,"column":4},"end":{"line":45,"column":null}}},"fnMap":{"0":{"name":"useBudgetCalculator","decl":{"start":{"line":5,"column":24},"end":{"line":5,"column":44}},"loc":{"start":{"line":5,"column":64},"end":{"line":46,"column":null}},"line":5},"1":{"name":"toggleService","decl":{"start":{"line":11,"column":13},"end":{"line":11,"column":27}},"loc":{"start":{"line":11,"column":37},"end":{"line":22,"column":5}},"line":11},"2":{"name":"(anonymous_2)","decl":{"start":{"line":12,"column":8},"end":{"line":12,"column":28}},"loc":{"start":{"line":12,"column":52},"end":{"line":21,"column":9}},"line":12},"3":{"name":"pagesCounter","decl":{"start":{"line":24,"column":13},"end":{"line":24,"column":26}},"loc":{"start":{"line":24,"column":40},"end":{"line":28,"column":5}},"line":24},"4":{"name":"languagesCounter","decl":{"start":{"line":30,"column":13},"end":{"line":30,"column":30}},"loc":{"start":{"line":30,"column":44},"end":{"line":34,"column":5}},"line":30},"5":{"name":"resetSelection","decl":{"start":{"line":38,"column":13},"end":{"line":38,"column":29}},"loc":{"start":{"line":38,"column":29},"end":{"line":41,"column":null}},"line":38}},"branchMap":{"0":{"loc":{"start":{"line":15,"column":12},"end":{"line":19,"column":null}},"type":"if","locations":[{"start":{"line":15,"column":12},"end":{"line":19,"column":null}},{"start":{"line":17,"column":19},"end":{"line":19,"column":null}}],"line":15},"1":{"loc":{"start":{"line":25,"column":8},"end":{"line":27,"column":null}},"type":"if","locations":[{"start":{"line":25,"column":8},"end":{"line":27,"column":null}},{"start":{},"end":{}}],"line":25},"2":{"loc":{"start":{"line":31,"column":8},"end":{"line":33,"column":null}},"type":"if","locations":[{"start":{"line":31,"column":8},"end":{"line":33,"column":null}},{"start":{},"end":{}}],"line":31}},"s":{"0":16,"1":16,"2":5,"3":5,"4":5,"5":1,"6":4,"7":5,"8":3,"9":2,"10":3,"11":2,"12":16,"13":1,"14":1,"15":16},"f":{"0":16,"1":5,"2":5,"3":3,"4":3,"5":1},"b":{"0":[1,4],"1":[2,1],"2":[2,1]},"meta":{"lastBranch":3,"lastFunction":6,"lastStatement":16,"seen":{"f:5:24:5:44":0,"s:7:29:7:Infinity":0,"s:9:22:9:Infinity":1,"f:11:13:11:27":1,"s:12:8:21:Infinity":2,"f:12:8:12:28":2,"s:13:31:13:Infinity":3,"b:15:12:19:Infinity:17:19:19:Infinity":0,"s:15:12:19:Infinity":4,"s:16:16:16:Infinity":5,"s:18:16:18:Infinity":6,"s:20:12:20:Infinity":7,"f:24:13:24:26":3,"b:25:8:27:Infinity:undefined:undefined:undefined:undefined":1,"s:25:8:27:Infinity":8,"s:26:12:26:Infinity":9,"f:30:13:30:30":4,"b:31:8:33:Infinity:undefined:undefined:undefined:undefined":2,"s:31:8:33:Infinity":10,"s:32:12:32:Infinity":11,"s:36:10:36:Infinity":12,"f:38:13:38:29":5,"s:39:8:39:Infinity":13,"s:40:8:40:Infinity":14,"s:43:4:45:Infinity":15},"fnNames":{}}}
,"C:\\Especialització_ItAcademy\\PROJECTE 2 - Budget\\project-2-budget-app\\src\\hooks\\useBudgetList.ts": {"path":"C:\\Especialització_ItAcademy\\PROJECTE 2 - Budget\\project-2-budget-app\\src\\hooks\\useBudgetList.ts","statementMap":{"0":{"start":{"line":6,"column":20},"end":{"line":9,"column":null}},"1":{"start":{"line":7,"column":19},"end":{"line":7,"column":null}},"2":{"start":{"line":8,"column":4},"end":{"line":8,"column":null}},"3":{"start":{"line":11,"column":4},"end":{"line":11,"column":null}},"4":{"start":{"line":11,"column":21},"end":{"line":11,"column":77}},"5":{"start":{"line":15,"column":8},"end":{"line":15,"column":null}},"6":{"start":{"line":15,"column":34},"end":{"line":15,"column":61}},"7":{"start":{"line":18,"column":8},"end":{"line":18,"column":null}}},"fnMap":{"0":{"name":"useBudgetList","decl":{"start":{"line":4,"column":24},"end":{"line":4,"column":39}},"loc":{"start":{"line":4,"column":39},"end":{"line":19,"column":1}},"line":4},"1":{"name":"(anonymous_1)","decl":{"start":{"line":6,"column":34},"end":{"line":6,"column":59}},"loc":{"start":{"line":6,"column":59},"end":{"line":9,"column":5}},"line":6},"2":{"name":"(anonymous_2)","decl":{"start":{"line":11,"column":4},"end":{"line":11,"column":20}},"loc":{"start":{"line":11,"column":20},"end":{"line":11,"column":80}},"line":11},"3":{"name":"addBudgetToList","decl":{"start":{"line":13,"column":13},"end":{"line":13,"column":29}},"loc":{"start":{"line":13,"column":47},"end":{"line":16,"column":9}},"line":13},"4":{"name":"(anonymous_4)","decl":{"start":{"line":15,"column":8},"end":{"line":15,"column":19}},"loc":{"start":{"line":15,"column":34},"end":{"line":15,"column":61}},"line":15}},"branchMap":{"0":{"loc":{"start":{"line":8,"column":11},"end":{"line":8,"column":null}},"type":"cond-expr","locations":[{"start":{"line":8,"column":20},"end":{"line":8,"column":41}},{"start":{"line":8,"column":41},"end":{"line":8,"column":null}}],"line":8}},"s":{"0":2,"1":1,"2":1,"3":2,"4":2,"5":1,"6":1,"7":2},"f":{"0":2,"1":1,"2":2,"3":1,"4":1},"b":{"0":[0,1]},"meta":{"lastBranch":1,"lastFunction":5,"lastStatement":8,"seen":{"f:4:24:4:39":0,"s:6:20:9:Infinity":0,"f:6:34:6:59":1,"s:7:19:7:Infinity":1,"s:8:4:8:Infinity":2,"b:8:20:8:41:8:41:8:Infinity":0,"s:11:4:11:Infinity":3,"f:11:4:11:20":2,"s:11:21:11:77":4,"f:13:13:13:29":3,"s:15:8:15:Infinity":5,"f:15:8:15:19":4,"s:15:34:15:61":6,"s:18:8:18:Infinity":7},"fnNames":{}}}
,"C:\\Especialització_ItAcademy\\PROJECTE 2 - Budget\\project-2-budget-app\\src\\services\\idGenerator.ts": {"path":"C:\\Especialització_ItAcademy\\PROJECTE 2 - Budget\\project-2-budget-app\\src\\services\\idGenerator.ts","statementMap":{"0":{"start":{"line":7,"column":22},"end":{"line":12,"column":null}},"1":{"start":{"line":14,"column":24},"end":{"line":14,"column":null}}},"fnMap":{"0":{"name":"budgetGenerator","decl":{"start":{"line":5,"column":24},"end":{"line":5,"column":40}},"loc":{"start":{"line":5,"column":135},"end":{"line":15,"column":null}},"line":5}},"branchMap":{},"s":{"0":1,"1":1},"f":{"0":1},"b":{},"meta":{"lastBranch":0,"lastFunction":1,"lastStatement":2,"seen":{"f:5:24:5:40":0,"s:7:22:12:Infinity":0,"s:14:24:14:Infinity":1},"fnNames":{}}}
,"C:\\Especialització_ItAcademy\\PROJECTE 2 - Budget\\project-2-budget-app\\src\\services\\priceCalculator.ts": {"path":"C:\\Especialització_ItAcademy\\PROJECTE 2 - Budget\\project-2-budget-app\\src\\services\\priceCalculator.ts","statementMap":{"0":{"start":{"line":7,"column":8},"end":{"line":15,"column":null}},"1":{"start":{"line":8,"column":12},"end":{"line":12,"column":null}},"2":{"start":{"line":9,"column":16},"end":{"line":9,"column":null}},"3":{"start":{"line":11,"column":16},"end":{"line":11,"column":null}},"4":{"start":{"line":14,"column":12},"end":{"line":14,"column":null}},"5":{"start":{"line":17,"column":8},"end":{"line":17,"column":null}},"6":{"start":{"line":22,"column":23},"end":{"line":24,"column":null}},"7":{"start":{"line":23,"column":43},"end":{"line":23,"column":70}},"8":{"start":{"line":24,"column":51},"end":{"line":24,"column":93}},"9":{"start":{"line":25,"column":8},"end":{"line":25,"column":null}}},"fnMap":{"0":{"name":"getServicePrice","decl":{"start":{"line":4,"column":16},"end":{"line":4,"column":32}},"loc":{"start":{"line":4,"column":78},"end":{"line":18,"column":null}},"line":4},"1":{"name":"calculatePrice","decl":{"start":{"line":20,"column":24},"end":{"line":20,"column":39}},"loc":{"start":{"line":20,"column":106},"end":{"line":26,"column":null}},"line":20},"2":{"name":"(anonymous_2)","decl":{"start":{"line":23,"column":25},"end":{"line":23,"column":32}},"loc":{"start":{"line":23,"column":43},"end":{"line":23,"column":70}},"line":23},"3":{"name":"(anonymous_3)","decl":{"start":{"line":24,"column":25},"end":{"line":24,"column":33}},"loc":{"start":{"line":24,"column":51},"end":{"line":24,"column":93}},"line":24}},"branchMap":{"0":{"loc":{"start":{"line":7,"column":8},"end":{"line":15,"column":null}},"type":"if","locations":[{"start":{"line":7,"column":8},"end":{"line":15,"column":null}},{"start":{"line":13,"column":13},"end":{"line":15,"column":null}}],"line":7},"1":{"loc":{"start":{"line":8,"column":12},"end":{"line":12,"column":null}},"type":"if","locations":[{"start":{"line":8,"column":12},"end":{"line":12,"column":null}},{"start":{"line":10,"column":17},"end":{"line":12,"column":null}}],"line":8}},"s":{"0":7,"1":2,"2":1,"3":1,"4":5,"5":7,"6":16,"7":48,"8":4,"9":16},"f":{"0":7,"1":16,"2":48,"3":4},"b":{"0":[2,5],"1":[1,1]},"meta":{"lastBranch":2,"lastFunction":4,"lastStatement":10,"seen":{"f:4:16:4:32":0,"b:7:8:15:Infinity:13:13:15:Infinity":0,"s:7:8:15:Infinity":0,"b:8:12:12:Infinity:10:17:12:Infinity":1,"s:8:12:12:Infinity":1,"s:9:16:9:Infinity":2,"s:11:16:11:Infinity":3,"s:14:12:14:Infinity":4,"s:17:8:17:Infinity":5,"f:20:24:20:39":1,"s:22:23:24:Infinity":6,"f:23:25:23:32":2,"s:23:43:23:70":7,"f:24:25:24:33":3,"s:24:51:24:93":8,"s:25:8:25:Infinity":9},"fnNames":{}}}
}
