{"C:\\Especialització_ItAcademy\\PROJECTE 2 - Budget\\project-2-budget-app\\src\\assets\\icons\\add_24dp_1F1F1F_FILL0_wght400_GRAD0_opsz24.svg": {"path":"C:\\Especialització_ItAcademy\\PROJECTE 2 - Budget\\project-2-budget-app\\src\\assets\\icons\\add_24dp_1F1F1F_FILL0_wght400_GRAD0_opsz24.svg","statementMap":{},"fnMap":{},"branchMap":{},"s":{},"f":{},"b":{},"meta":{"lastBranch":0,"lastFunction":0,"lastStatement":0,"seen":{},"fnNames":{}}}
,"C:\\Especialització_ItAcademy\\PROJECTE 2 - Budget\\project-2-budget-app\\src\\assets\\icons\\arrow_left_alt_24dp_FFFFFF_FILL0_wght400_GRAD0_opsz24.svg": {"path":"C:\\Especialització_ItAcademy\\PROJECTE 2 - Budget\\project-2-budget-app\\src\\assets\\icons\\arrow_left_alt_24dp_FFFFFF_FILL0_wght400_GRAD0_opsz24.svg","statementMap":{},"fnMap":{},"branchMap":{},"s":{},"f":{},"b":{},"meta":{"lastBranch":0,"lastFunction":0,"lastStatement":0,"seen":{},"fnNames":{}}}
,"C:\\Especialització_ItAcademy\\PROJECTE 2 - Budget\\project-2-budget-app\\src\\assets\\icons\\arrow_right_blue.svg": {"path":"C:\\Especialització_ItAcademy\\PROJECTE 2 - Budget\\project-2-budget-app\\src\\assets\\icons\\arrow_right_blue.svg","statementMap":{},"fnMap":{},"branchMap":{},"s":{},"f":{},"b":{},"meta":{"lastBranch":0,"lastFunction":0,"lastStatement":0,"seen":{},"fnNames":{}}}
,"C:\\Especialització_ItAcademy\\PROJECTE 2 - Budget\\project-2-budget-app\\src\\assets\\icons\\close_24dp_1E2939_FILL0_wght400_GRAD0_opsz24.svg": {"path":"C:\\Especialització_ItAcademy\\PROJECTE 2 - Budget\\project-2-budget-app\\src\\assets\\icons\\close_24dp_1E2939_FILL0_wght400_GRAD0_opsz24.svg","statementMap":{},"fnMap":{},"branchMap":{},"s":{},"f":{},"b":{},"meta":{"lastBranch":0,"lastFunction":0,"lastStatement":0,"seen":{},"fnNames":{}}}
,"C:\\Especialització_ItAcademy\\PROJECTE 2 - Budget\\project-2-budget-app\\src\\assets\\icons\\info_24dp_5985E1_FILL0_wght400_GRAD0_opsz24.svg": {"path":"C:\\Especialització_ItAcademy\\PROJECTE 2 - Budget\\project-2-budget-app\\src\\assets\\icons\\info_24dp_5985E1_FILL0_wght400_GRAD0_opsz24.svg","statementMap":{},"fnMap":{},"branchMap":{},"s":{},"f":{},"b":{},"meta":{"lastBranch":0,"lastFunction":0,"lastStatement":0,"seen":{},"fnNames":{}}}
,"C:\\Especialització_ItAcademy\\PROJECTE 2 - Budget\\project-2-budget-app\\src\\assets\\icons\\keyboard_arrow_right_24dp_FFFFFF_FILL0_wght400_GRAD0_opsz24.svg": {"path":"C:\\Especialització_ItAcademy\\PROJECTE 2 - Budget\\project-2-budget-app\\src\\assets\\icons\\keyboard_arrow_right_24dp_FFFFFF_FILL0_wght400_GRAD0_opsz24.svg","statementMap":{},"fnMap":{},"branchMap":{},"s":{},"f":{},"b":{},"meta":{"lastBranch":0,"lastFunction":0,"lastStatement":0,"seen":{},"fnNames":{}}}
,"C:\\Especialització_ItAcademy\\PROJECTE 2 - Budget\\project-2-budget-app\\src\\assets\\icons\\remove_24dp_1F1F1F_FILL0_wght400_GRAD0_opsz24.svg": {"path":"C:\\Especialització_ItAcademy\\PROJECTE 2 - Budget\\project-2-budget-app\\src\\assets\\icons\\remove_24dp_1F1F1F_FILL0_wght400_GRAD0_opsz24.svg","statementMap":{},"fnMap":{},"branchMap":{},"s":{},"f":{},"b":{},"meta":{"lastBranch":0,"lastFunction":0,"lastStatement":0,"seen":{},"fnNames":{}}}
,"C:\\Especialització_ItAcademy\\PROJECTE 2 - Budget\\project-2-budget-app\\src\\components\\BudgetCard.tsx": {"path":"C:\\Especialització_ItAcademy\\PROJECTE 2 - Budget\\project-2-budget-app\\src\\components\\BudgetCard.tsx","statementMap":{"0":{"start":{"line":10,"column":4},"end":{"line":41,"column":null}},"1":{"start":{"line":24,"column":32},"end":{"line":26,"column":null}}},"fnMap":{"0":{"name":"BudgetCard","decl":{"start":{"line":8,"column":24},"end":{"line":8,"column":35}},"loc":{"start":{"line":8,"column":62},"end":{"line":43,"column":1}},"line":8},"1":{"name":"(anonymous_1)","decl":{"start":{"line":23,"column":52},"end":{"line":23,"column":56}},"loc":{"start":{"line":24,"column":32},"end":{"line":26,"column":null}},"line":24}},"branchMap":{"0":{"loc":{"start":{"line":24,"column":82},"end":{"line":25,"column":null}},"type":"binary-expr","locations":[{"start":{"line":24,"column":82},"end":{"line":24,"column":103}},{"start":{"line":24,"column":103},"end":{"line":24,"column":null}},{"start":{"line":25,"column":36},"end":{"line":25,"column":null}}],"line":24}},"s":{"0":2,"1":2},"f":{"0":2,"1":2},"b":{"0":[2,0,0]},"meta":{"lastBranch":1,"lastFunction":2,"lastStatement":2,"seen":{"f:8:24:8:35":0,"s:10:4:41:Infinity":0,"f:23:52:23:56":1,"s:24:32:26:Infinity":1,"b:24:82:24:103:24:103:24:Infinity:25:36:25:Infinity":0},"fnNames":{}}}
,"C:\\Especialització_ItAcademy\\PROJECTE 2 - Budget\\project-2-budget-app\\src\\components\\BudgetDetail.tsx": {"path":"C:\\Especialització_ItAcademy\\PROJECTE 2 - Budget\\project-2-budget-app\\src\\components\\BudgetDetail.tsx","statementMap":{"0":{"start":{"line":18,"column":19},"end":{"line":18,"column":null}},"1":{"start":{"line":19,"column":23},"end":{"line":19,"column":null}},"2":{"start":{"line":21,"column":30},"end":{"line":21,"column":null}},"3":{"start":{"line":21,"column":67},"end":{"line":21,"column":128}},"4":{"start":{"line":21,"column":105},"end":{"line":21,"column":127}},"5":{"start":{"line":21,"column":170},"end":{"line":21,"column":191}},"6":{"start":{"line":23,"column":30},"end":{"line":23,"column":null}},"7":{"start":{"line":23,"column":66},"end":{"line":23,"column":139}},"8":{"start":{"line":25,"column":10},"end":{"line":25,"column":null}},"9":{"start":{"line":27,"column":10},"end":{"line":30,"column":null}},"10":{"start":{"line":28,"column":8},"end":{"line":28,"column":null}},"11":{"start":{"line":29,"column":8},"end":{"line":29,"column":null}},"12":{"start":{"line":32,"column":30},"end":{"line":49,"column":null}},"13":{"start":{"line":33,"column":8},"end":{"line":33,"column":null}},"14":{"start":{"line":35,"column":24},"end":{"line":35,"column":null}},"15":{"start":{"line":36,"column":8},"end":{"line":36,"column":null}},"16":{"start":{"line":36,"column":22},"end":{"line":36,"column":null}},"17":{"start":{"line":38,"column":23},"end":{"line":38,"column":null}},"18":{"start":{"line":39,"column":26},"end":{"line":39,"column":null}},"19":{"start":{"line":41,"column":20},"end":{"line":41,"column":null}},"20":{"start":{"line":42,"column":27},"end":{"line":42,"column":null}},"21":{"start":{"line":43,"column":29},"end":{"line":43,"column":null}},"22":{"start":{"line":45,"column":8},"end":{"line":45,"column":null}},"23":{"start":{"line":47,"column":28},"end":{"line":47,"column":null}},"24":{"start":{"line":48,"column":8},"end":{"line":48,"column":null}},"25":{"start":{"line":51,"column":4},"end":{"line":121,"column":null}},"26":{"start":{"line":100,"column":28},"end":{"line":110,"column":null}}},"fnMap":{"0":{"name":"BudgetDetail","decl":{"start":{"line":16,"column":24},"end":{"line":16,"column":37}},"loc":{"start":{"line":16,"column":65},"end":{"line":123,"column":null}},"line":16},"1":{"name":"(anonymous_1)","decl":{"start":{"line":21,"column":53},"end":{"line":21,"column":58}},"loc":{"start":{"line":21,"column":67},"end":{"line":21,"column":128}},"line":21},"2":{"name":"(anonymous_2)","decl":{"start":{"line":21,"column":89},"end":{"line":21,"column":94}},"loc":{"start":{"line":21,"column":105},"end":{"line":21,"column":127}},"line":21},"3":{"name":"(anonymous_3)","decl":{"start":{"line":21,"column":130},"end":{"line":21,"column":138}},"loc":{"start":{"line":21,"column":170},"end":{"line":21,"column":191}},"line":21},"4":{"name":"(anonymous_4)","decl":{"start":{"line":23,"column":48},"end":{"line":23,"column":53}},"loc":{"start":{"line":23,"column":66},"end":{"line":23,"column":139}},"line":23},"5":{"name":"(anonymous_5)","decl":{"start":{"line":27,"column":10},"end":{"line":27,"column":32}},"loc":{"start":{"line":27,"column":32},"end":{"line":30,"column":null}},"line":27},"6":{"name":"(anonymous_6)","decl":{"start":{"line":32,"column":30},"end":{"line":32,"column":42}},"loc":{"start":{"line":32,"column":42},"end":{"line":49,"column":null}},"line":32},"7":{"name":"(anonymous_7)","decl":{"start":{"line":99,"column":43},"end":{"line":99,"column":48}},"loc":{"start":{"line":100,"column":28},"end":{"line":110,"column":null}},"line":100}},"branchMap":{"0":{"loc":{"start":{"line":36,"column":8},"end":{"line":36,"column":null}},"type":"if","locations":[{"start":{"line":36,"column":8},"end":{"line":36,"column":null}},{"start":{},"end":{}}],"line":36},"1":{"loc":{"start":{"line":64,"column":25},"end":{"line":64,"column":null}},"type":"cond-expr","locations":[{"start":{"line":64,"column":34},"end":{"line":64,"column":46}},{"start":{"line":64,"column":46},"end":{"line":64,"column":null}}],"line":64},"2":{"loc":{"start":{"line":70,"column":25},"end":{"line":70,"column":null}},"type":"cond-expr","locations":[{"start":{"line":70,"column":38},"end":{"line":70,"column":55}},{"start":{"line":70,"column":55},"end":{"line":70,"column":null}}],"line":70},"3":{"loc":{"start":{"line":103,"column":37},"end":{"line":108,"column":null}},"type":"binary-expr","locations":[{"start":{"line":103,"column":37},"end":{"line":103,"column":63}},{"start":{"line":103,"column":63},"end":{"line":103,"column":null}},{"start":{"line":104,"column":40},"end":{"line":108,"column":null}}],"line":103}},"s":{"0":11,"1":11,"2":11,"3":11,"4":11,"5":11,"6":11,"7":11,"8":11,"9":11,"10":2,"11":2,"12":11,"13":1,"14":1,"15":1,"16":0,"17":1,"18":1,"19":1,"20":1,"21":1,"22":1,"23":1,"24":1,"25":11,"26":11},"f":{"0":11,"1":11,"2":11,"3":11,"4":11,"5":2,"6":1,"7":11},"b":{"0":[0,1],"1":[2,9],"2":[1,10],"3":[11,0,0]},"meta":{"lastBranch":4,"lastFunction":8,"lastStatement":27,"seen":{"f:16:24:16:37":0,"s:18:19:18:Infinity":0,"s:19:23:19:Infinity":1,"s:21:30:21:Infinity":2,"f:21:53:21:58":1,"s:21:67:21:128":3,"f:21:89:21:94":2,"s:21:105:21:127":4,"f:21:130:21:138":3,"s:21:170:21:191":5,"s:23:30:23:Infinity":6,"f:23:48:23:53":4,"s:23:66:23:139":7,"s:25:10:25:Infinity":8,"s:27:10:30:Infinity":9,"f:27:10:27:32":5,"s:28:8:28:Infinity":10,"s:29:8:29:Infinity":11,"s:32:30:49:Infinity":12,"f:32:30:32:42":6,"s:33:8:33:Infinity":13,"s:35:24:35:Infinity":14,"b:36:8:36:Infinity:undefined:undefined:undefined:undefined":0,"s:36:8:36:Infinity":15,"s:36:22:36:Infinity":16,"s:38:23:38:Infinity":17,"s:39:26:39:Infinity":18,"s:41:20:41:Infinity":19,"s:42:27:42:Infinity":20,"s:43:29:43:Infinity":21,"s:45:8:45:Infinity":22,"s:47:28:47:Infinity":23,"s:48:8:48:Infinity":24,"s:51:4:121:Infinity":25,"b:64:34:64:46:64:46:64:Infinity":1,"b:70:38:70:55:70:55:70:Infinity":2,"f:99:43:99:48":7,"s:100:28:110:Infinity":26,"b:103:37:103:63:103:63:103:Infinity:104:40:108:Infinity":3},"fnNames":{}}}
,"C:\\Especialització_ItAcademy\\PROJECTE 2 - Budget\\project-2-budget-app\\src\\components\\BudgetList.tsx": {"path":"C:\\Especialització_ItAcademy\\PROJECTE 2 - Budget\\project-2-budget-app\\src\\components\\BudgetList.tsx","statementMap":{"0":{"start":{"line":10,"column":84},"end":{"line":10,"column":null}},"1":{"start":{"line":12,"column":4},"end":{"line":14,"column":null}},"2":{"start":{"line":13,"column":8},"end":{"line":13,"column":null}},"3":{"start":{"line":16,"column":10},"end":{"line":20,"column":null}},"4":{"start":{"line":17,"column":25},"end":{"line":17,"column":null}},"5":{"start":{"line":18,"column":12},"end":{"line":19,"column":null}},"6":{"start":{"line":22,"column":4},"end":{"line":57,"column":null}},"7":{"start":{"line":29,"column":75},"end":{"line":29,"column":106}},"8":{"start":{"line":31,"column":65},"end":{"line":31,"column":91}},"9":{"start":{"line":36,"column":65},"end":{"line":36,"column":93}},"10":{"start":{"line":41,"column":65},"end":{"line":41,"column":91}},"11":{"start":{"line":53,"column":24},"end":{"line":53,"column":null}}},"fnMap":{"0":{"name":"BudgetList","decl":{"start":{"line":8,"column":24},"end":{"line":8,"column":35}},"loc":{"start":{"line":8,"column":62},"end":{"line":59,"column":null}},"line":8},"1":{"name":"(anonymous_1)","decl":{"start":{"line":16,"column":10},"end":{"line":16,"column":24}},"loc":{"start":{"line":16,"column":42},"end":{"line":20,"column":null}},"line":16},"2":{"name":"(anonymous_2)","decl":{"start":{"line":29,"column":58},"end":{"line":29,"column":69}},"loc":{"start":{"line":29,"column":75},"end":{"line":29,"column":106}},"line":29},"3":{"name":"(anonymous_3)","decl":{"start":{"line":31,"column":50},"end":{"line":31,"column":65}},"loc":{"start":{"line":31,"column":65},"end":{"line":31,"column":91}},"line":31},"4":{"name":"(anonymous_4)","decl":{"start":{"line":36,"column":50},"end":{"line":36,"column":65}},"loc":{"start":{"line":36,"column":65},"end":{"line":36,"column":93}},"line":36},"5":{"name":"(anonymous_5)","decl":{"start":{"line":41,"column":50},"end":{"line":41,"column":65}},"loc":{"start":{"line":41,"column":65},"end":{"line":41,"column":91}},"line":41},"6":{"name":"(anonymous_6)","decl":{"start":{"line":52,"column":37},"end":{"line":52,"column":41}},"loc":{"start":{"line":53,"column":24},"end":{"line":53,"column":null}},"line":53}},"branchMap":{"0":{"loc":{"start":{"line":12,"column":4},"end":{"line":14,"column":null}},"type":"if","locations":[{"start":{"line":12,"column":4},"end":{"line":14,"column":null}},{"start":{},"end":{}}],"line":12},"1":{"loc":{"start":{"line":19,"column":12},"end":{"line":19,"column":null}},"type":"cond-expr","locations":[{"start":{"line":19,"column":23},"end":{"line":19,"column":61}},{"start":{"line":19,"column":61},"end":{"line":19,"column":null}}],"line":19},"2":{"loc":{"start":{"line":32,"column":38},"end":{"line":35,"column":null}},"type":"binary-expr","locations":[{"start":{"line":32,"column":38},"end":{"line":32,"column":null}},{"start":{"line":33,"column":40},"end":{"line":35,"column":null}}],"line":32},"3":{"loc":{"start":{"line":33,"column":67},"end":{"line":33,"column":109}},"type":"cond-expr","locations":[{"start":{"line":33,"column":93},"end":{"line":33,"column":99}},{"start":{"line":33,"column":99},"end":{"line":33,"column":109}}],"line":33},"4":{"loc":{"start":{"line":37,"column":40},"end":{"line":40,"column":null}},"type":"binary-expr","locations":[{"start":{"line":37,"column":40},"end":{"line":37,"column":null}},{"start":{"line":38,"column":40},"end":{"line":40,"column":null}}],"line":37},"5":{"loc":{"start":{"line":38,"column":67},"end":{"line":38,"column":109}},"type":"cond-expr","locations":[{"start":{"line":38,"column":93},"end":{"line":38,"column":99}},{"start":{"line":38,"column":99},"end":{"line":38,"column":109}}],"line":38},"6":{"loc":{"start":{"line":42,"column":37},"end":{"line":45,"column":null}},"type":"binary-expr","locations":[{"start":{"line":42,"column":37},"end":{"line":42,"column":null}},{"start":{"line":43,"column":40},"end":{"line":45,"column":null}}],"line":42},"7":{"loc":{"start":{"line":43,"column":67},"end":{"line":43,"column":109}},"type":"cond-expr","locations":[{"start":{"line":43,"column":93},"end":{"line":43,"column":99}},{"start":{"line":43,"column":99},"end":{"line":43,"column":109}}],"line":43},"8":{"loc":{"start":{"line":49,"column":13},"end":{"line":57,"column":null}},"type":"cond-expr","locations":[{"start":{"line":50,"column":16},"end":{"line":51,"column":17}},{"start":{"line":51,"column":16},"end":{"line":57,"column":null}}],"line":49}},"s":{"0":14,"1":14,"2":12,"3":2,"4":6,"5":6,"6":2,"7":0,"8":0,"9":0,"10":0,"11":2},"f":{"0":14,"1":6,"2":0,"3":0,"4":0,"5":0,"6":2},"b":{"0":[12,2],"1":[2,4],"2":[2,2],"3":[0,2],"4":[14,0],"5":[0,0],"6":[14,0],"7":[0,0],"8":[0,2]},"meta":{"lastBranch":9,"lastFunction":7,"lastStatement":12,"seen":{"f:8:24:8:35":0,"s:10:84:10:Infinity":0,"b:12:4:14:Infinity:undefined:undefined:undefined:undefined":0,"s:12:4:14:Infinity":1,"s:13:8:13:Infinity":2,"s:16:10:20:Infinity":3,"f:16:10:16:24":1,"s:17:25:17:Infinity":4,"s:18:12:19:Infinity":5,"b:19:23:19:61:19:61:19:Infinity":1,"s:22:4:57:Infinity":6,"f:29:58:29:69":2,"s:29:75:29:106":7,"f:31:50:31:65":3,"s:31:65:31:91":8,"b:32:38:32:Infinity:33:40:35:Infinity":2,"b:33:93:33:99:33:99:33:109":3,"f:36:50:36:65":4,"s:36:65:36:93":9,"b:37:40:37:Infinity:38:40:40:Infinity":4,"b:38:93:38:99:38:99:38:109":5,"f:41:50:41:65":5,"s:41:65:41:91":10,"b:42:37:42:Infinity:43:40:45:Infinity":6,"b:43:93:43:99:43:99:43:109":7,"b:50:16:51:17:51:16:57:Infinity":8,"f:52:37:52:41":6,"s:53:24:53:Infinity":11},"fnNames":{}}}
,"C:\\Especialització_ItAcademy\\PROJECTE 2 - Budget\\project-2-budget-app\\src\\components\\ClientForm.tsx": {"path":"C:\\Especialització_ItAcademy\\PROJECTE 2 - Budget\\project-2-budget-app\\src\\components\\ClientForm.tsx","statementMap":{"0":{"start":{"line":7,"column":47},"end":{"line":7,"column":null}},"1":{"start":{"line":9,"column":21},"end":{"line":11,"column":null}},"2":{"start":{"line":10,"column":12},"end":{"line":10,"column":null}},"3":{"start":{"line":13,"column":4},"end":{"line":57,"column":null}}},"fnMap":{"0":{"name":"ClientForm","decl":{"start":{"line":5,"column":24},"end":{"line":5,"column":35}},"loc":{"start":{"line":5,"column":69},"end":{"line":59,"column":null}},"line":5},"1":{"name":"(anonymous_1)","decl":{"start":{"line":9,"column":21},"end":{"line":9,"column":35}},"loc":{"start":{"line":9,"column":44},"end":{"line":11,"column":9}},"line":9}},"branchMap":{"0":{"loc":{"start":{"line":26,"column":25},"end":{"line":27,"column":null}},"type":"binary-expr","locations":[{"start":{"line":26,"column":25},"end":{"line":26,"column":40}},{"start":{"line":26,"column":40},"end":{"line":27,"column":null}}],"line":26},"1":{"loc":{"start":{"line":33,"column":25},"end":{"line":34,"column":null}},"type":"binary-expr","locations":[{"start":{"line":33,"column":25},"end":{"line":33,"column":39}},{"start":{"line":33,"column":39},"end":{"line":34,"column":null}}],"line":33},"2":{"loc":{"start":{"line":47,"column":25},"end":{"line":48,"column":null}},"type":"binary-expr","locations":[{"start":{"line":47,"column":25},"end":{"line":47,"column":50}},{"start":{"line":47,"column":50},"end":{"line":48,"column":null}}],"line":47}},"s":{"0":10,"1":10,"2":2,"3":10},"f":{"0":10,"1":2},"b":{"0":[10,0],"1":[10,0],"2":[10,0]},"meta":{"lastBranch":3,"lastFunction":2,"lastStatement":4,"seen":{"f:5:24:5:35":0,"s:7:47:7:Infinity":0,"s:9:21:11:Infinity":1,"f:9:21:9:35":1,"s:10:12:10:Infinity":2,"s:13:4:57:Infinity":3,"b:26:25:26:40:26:40:27:Infinity":0,"b:33:25:33:39:33:39:34:Infinity":1,"b:47:25:47:50:47:50:48:Infinity":2},"fnNames":{}}}
,"C:\\Especialització_ItAcademy\\PROJECTE 2 - Budget\\project-2-budget-app\\src\\components\\ModalCard.tsx": {"path":"C:\\Especialització_ItAcademy\\PROJECTE 2 - Budget\\project-2-budget-app\\src\\components\\ModalCard.tsx","statementMap":{"0":{"start":{"line":6,"column":4},"end":{"line":22,"column":null}},"1":{"start":{"line":10,"column":156},"end":{"line":10,"column":177}}},"fnMap":{"0":{"name":"ModalCard","decl":{"start":{"line":4,"column":16},"end":{"line":4,"column":26}},"loc":{"start":{"line":4,"column":69},"end":{"line":26,"column":null}},"line":4},"1":{"name":"(anonymous_1)","decl":{"start":{"line":10,"column":140},"end":{"line":10,"column":150}},"loc":{"start":{"line":10,"column":156},"end":{"line":10,"column":177}},"line":10}},"branchMap":{"0":{"loc":{"start":{"line":7,"column":8},"end":{"line":22,"column":null}},"type":"binary-expr","locations":[{"start":{"line":7,"column":8},"end":{"line":7,"column":null}},{"start":{"line":8,"column":12},"end":{"line":22,"column":null}}],"line":7}},"s":{"0":12,"1":0},"f":{"0":12,"1":0},"b":{"0":[12,2]},"meta":{"lastBranch":1,"lastFunction":2,"lastStatement":2,"seen":{"f:4:16:4:26":0,"s:6:4:22:Infinity":0,"b:7:8:7:Infinity:8:12:22:Infinity":0,"f:10:140:10:150":1,"s:10:156:10:177":1},"fnNames":{}}}
,"C:\\Especialització_ItAcademy\\PROJECTE 2 - Budget\\project-2-budget-app\\src\\components\\PriceCounter.tsx": {"path":"C:\\Especialització_ItAcademy\\PROJECTE 2 - Budget\\project-2-budget-app\\src\\components\\PriceCounter.tsx","statementMap":{"0":{"start":{"line":5,"column":4},"end":{"line":9,"column":null}}},"fnMap":{"0":{"name":"PriceCounter","decl":{"start":{"line":3,"column":24},"end":{"line":3,"column":37}},"loc":{"start":{"line":3,"column":63},"end":{"line":11,"column":1}},"line":3}},"branchMap":{},"s":{"0":14},"f":{"0":14},"b":{},"meta":{"lastBranch":0,"lastFunction":1,"lastStatement":1,"seen":{"f:3:24:3:37":0,"s:5:4:9:Infinity":0},"fnNames":{}}}
,"C:\\Especialització_ItAcademy\\PROJECTE 2 - Budget\\project-2-budget-app\\src\\components\\ServiceCard.tsx": {"path":"C:\\Especialització_ItAcademy\\PROJECTE 2 - Budget\\project-2-budget-app\\src\\components\\ServiceCard.tsx","statementMap":{"0":{"start":{"line":5,"column":4},"end":{"line":26,"column":null}},"1":{"start":{"line":22,"column":36},"end":{"line":22,"column":null}}},"fnMap":{"0":{"name":"ServiceCard","decl":{"start":{"line":4,"column":24},"end":{"line":4,"column":36}},"loc":{"start":{"line":4,"column":97},"end":{"line":28,"column":null}},"line":4},"1":{"name":"(anonymous_1)","decl":{"start":{"line":22,"column":20},"end":{"line":22,"column":36}},"loc":{"start":{"line":22,"column":36},"end":{"line":22,"column":null}},"line":22}},"branchMap":{},"s":{"0":42,"1":5},"f":{"0":42,"1":5},"b":{},"meta":{"lastBranch":0,"lastFunction":2,"lastStatement":2,"seen":{"f:4:24:4:36":0,"s:5:4:26:Infinity":0,"f:22:20:22:36":1,"s:22:36:22:Infinity":1},"fnNames":{}}}
,"C:\\Especialització_ItAcademy\\PROJECTE 2 - Budget\\project-2-budget-app\\src\\components\\WebConfigurator.tsx": {"path":"C:\\Especialització_ItAcademy\\PROJECTE 2 - Budget\\project-2-budget-app\\src\\components\\WebConfigurator.tsx","statementMap":{"0":{"start":{"line":11,"column":25},"end":{"line":11,"column":null}},"1":{"start":{"line":12,"column":10},"end":{"line":12,"column":null}},"2":{"start":{"line":14,"column":10},"end":{"line":17,"column":null}},"3":{"start":{"line":15,"column":8},"end":{"line":15,"column":null}},"4":{"start":{"line":16,"column":8},"end":{"line":16,"column":null}},"5":{"start":{"line":19,"column":4},"end":{"line":62,"column":null}},"6":{"start":{"line":23,"column":20},"end":{"line":23,"column":null}},"7":{"start":{"line":24,"column":20},"end":{"line":24,"column":null}},"8":{"start":{"line":32,"column":43},"end":{"line":32,"column":78}},"9":{"start":{"line":36,"column":43},"end":{"line":36,"column":78}},"10":{"start":{"line":43,"column":20},"end":{"line":43,"column":null}},"11":{"start":{"line":44,"column":20},"end":{"line":44,"column":null}},"12":{"start":{"line":52,"column":43},"end":{"line":52,"column":86}},"13":{"start":{"line":56,"column":43},"end":{"line":56,"column":86}}},"fnMap":{"0":{"name":"WebConfigurator","decl":{"start":{"line":9,"column":24},"end":{"line":9,"column":40}},"loc":{"start":{"line":9,"column":108},"end":{"line":64,"column":1}},"line":9},"1":{"name":"(anonymous_1)","decl":{"start":{"line":14,"column":10},"end":{"line":14,"column":30}},"loc":{"start":{"line":14,"column":30},"end":{"line":17,"column":null}},"line":14},"2":{"name":"(anonymous_2)","decl":{"start":{"line":22,"column":51},"end":{"line":22,"column":61}},"loc":{"start":{"line":22,"column":67},"end":{"line":25,"column":null}},"line":22},"3":{"name":"(anonymous_3)","decl":{"start":{"line":32,"column":28},"end":{"line":32,"column":43}},"loc":{"start":{"line":32,"column":43},"end":{"line":32,"column":78}},"line":32},"4":{"name":"(anonymous_4)","decl":{"start":{"line":36,"column":28},"end":{"line":36,"column":43}},"loc":{"start":{"line":36,"column":43},"end":{"line":36,"column":78}},"line":36},"5":{"name":"(anonymous_5)","decl":{"start":{"line":42,"column":51},"end":{"line":42,"column":61}},"loc":{"start":{"line":42,"column":67},"end":{"line":45,"column":null}},"line":42},"6":{"name":"(anonymous_6)","decl":{"start":{"line":52,"column":28},"end":{"line":52,"column":43}},"loc":{"start":{"line":52,"column":43},"end":{"line":52,"column":86}},"line":52},"7":{"name":"(anonymous_7)","decl":{"start":{"line":56,"column":28},"end":{"line":56,"column":43}},"loc":{"start":{"line":56,"column":43},"end":{"line":56,"column":86}},"line":56}},"branchMap":{"0":{"loc":{"start":{"line":61,"column":32},"end":{"line":61,"column":109}},"type":"cond-expr","locations":[{"start":{"line":61,"column":46},"end":{"line":61,"column":79}},{"start":{"line":61,"column":79},"end":{"line":61,"column":109}}],"line":61}},"s":{"0":12,"1":12,"2":12,"3":0,"4":0,"5":12,"6":1,"7":1,"8":1,"9":1,"10":1,"11":1,"12":1,"13":1},"f":{"0":12,"1":0,"2":1,"3":1,"4":1,"5":1,"6":1,"7":1},"b":{"0":[2,10]},"meta":{"lastBranch":1,"lastFunction":8,"lastStatement":14,"seen":{"f:9:24:9:40":0,"s:11:25:11:Infinity":0,"s:12:10:12:Infinity":1,"s:14:10:17:Infinity":2,"f:14:10:14:30":1,"s:15:8:15:Infinity":3,"s:16:8:16:Infinity":4,"s:19:4:62:Infinity":5,"f:22:51:22:61":2,"s:23:20:23:Infinity":6,"s:24:20:24:Infinity":7,"f:32:28:32:43":3,"s:32:43:32:78":8,"f:36:28:36:43":4,"s:36:43:36:78":9,"f:42:51:42:61":5,"s:43:20:43:Infinity":10,"s:44:20:44:Infinity":11,"f:52:28:52:43":6,"s:52:43:52:86":12,"f:56:28:56:43":7,"s:56:43:56:86":13,"b:61:46:61:79:61:79:61:109":0},"fnNames":{}}}
,"C:\\Especialització_ItAcademy\\PROJECTE 2 - Budget\\project-2-budget-app\\src\\data\\modal.json": {"path":"C:\\Especialització_ItAcademy\\PROJECTE 2 - Budget\\project-2-budget-app\\src\\data\\modal.json","statementMap":{"0":{"start":{"line":1,"column":21},"end":{"line":1,"column":126}},"1":{"start":{"line":2,"column":25},"end":{"line":2,"column":82}}},"fnMap":{},"branchMap":{},"s":{"0":2,"1":2},"f":{},"b":{},"meta":{"lastBranch":0,"lastFunction":0,"lastStatement":2,"seen":{"s:1:21:1:126":0,"s:2:25:2:82":1},"fnNames":{}}}
,"C:\\Especialització_ItAcademy\\PROJECTE 2 - Budget\\project-2-budget-app\\src\\data\\services.json": {"path":"C:\\Especialització_ItAcademy\\PROJECTE 2 - Budget\\project-2-budget-app\\src\\data\\services.json","statementMap":{"0":{"start":{"line":1,"column":24},"end":{"line":1,"column":377}}},"fnMap":{},"branchMap":{},"s":{"0":2},"f":{},"b":{},"meta":{"lastBranch":0,"lastFunction":0,"lastStatement":1,"seen":{"s:1:24:1:377":0},"fnNames":{}}}
,"C:\\Especialització_ItAcademy\\PROJECTE 2 - Budget\\project-2-budget-app\\src\\hooks\\useBudgetCalculator.ts": {"path":"C:\\Especialització_ItAcademy\\PROJECTE 2 - Budget\\project-2-budget-app\\src\\hooks\\useBudgetCalculator.ts","statementMap":{"0":{"start":{"line":7,"column":29},"end":{"line":7,"column":null}},"1":{"start":{"line":9,"column":22},"end":{"line":9,"column":null}},"2":{"start":{"line":12,"column":8},"end":{"line":21,"column":null}},"3":{"start":{"line":13,"column":31},"end":{"line":13,"column":null}},"4":{"start":{"line":15,"column":12},"end":{"line":19,"column":null}},"5":{"start":{"line":16,"column":16},"end":{"line":16,"column":null}},"6":{"start":{"line":18,"column":16},"end":{"line":18,"column":null}},"7":{"start":{"line":20,"column":12},"end":{"line":20,"column":null}},"8":{"start":{"line":25,"column":8},"end":{"line":27,"column":null}},"9":{"start":{"line":26,"column":12},"end":{"line":26,"column":null}},"10":{"start":{"line":31,"column":8},"end":{"line":33,"column":null}},"11":{"start":{"line":32,"column":12},"end":{"line":32,"column":null}},"12":{"start":{"line":36,"column":10},"end":{"line":36,"column":null}},"13":{"start":{"line":39,"column":8},"end":{"line":39,"column":null}},"14":{"start":{"line":40,"column":8},"end":{"line":40,"column":null}},"15":{"start":{"line":43,"column":4},"end":{"line":45,"column":null}}},"fnMap":{"0":{"name":"useBudgetCalculator","decl":{"start":{"line":5,"column":24},"end":{"line":5,"column":44}},"loc":{"start":{"line":5,"column":64},"end":{"line":46,"column":null}},"line":5},"1":{"name":"toggleService","decl":{"start":{"line":11,"column":13},"end":{"line":11,"column":27}},"loc":{"start":{"line":11,"column":37},"end":{"line":22,"column":5}},"line":11},"2":{"name":"(anonymous_2)","decl":{"start":{"line":12,"column":8},"end":{"line":12,"column":28}},"loc":{"start":{"line":12,"column":52},"end":{"line":21,"column":9}},"line":12},"3":{"name":"pagesCounter","decl":{"start":{"line":24,"column":13},"end":{"line":24,"column":26}},"loc":{"start":{"line":24,"column":40},"end":{"line":28,"column":5}},"line":24},"4":{"name":"languagesCounter","decl":{"start":{"line":30,"column":13},"end":{"line":30,"column":30}},"loc":{"start":{"line":30,"column":44},"end":{"line":34,"column":5}},"line":30},"5":{"name":"resetSelection","decl":{"start":{"line":38,"column":13},"end":{"line":38,"column":29}},"loc":{"start":{"line":38,"column":29},"end":{"line":41,"column":null}},"line":38}},"branchMap":{"0":{"loc":{"start":{"line":15,"column":12},"end":{"line":19,"column":null}},"type":"if","locations":[{"start":{"line":15,"column":12},"end":{"line":19,"column":null}},{"start":{"line":17,"column":19},"end":{"line":19,"column":null}}],"line":15},"1":{"loc":{"start":{"line":25,"column":8},"end":{"line":27,"column":null}},"type":"if","locations":[{"start":{"line":25,"column":8},"end":{"line":27,"column":null}},{"start":{},"end":{}}],"line":25},"2":{"loc":{"start":{"line":31,"column":8},"end":{"line":33,"column":null}},"type":"if","locations":[{"start":{"line":31,"column":8},"end":{"line":33,"column":null}},{"start":{},"end":{}}],"line":31}},"s":{"0":30,"1":30,"2":10,"3":10,"4":10,"5":1,"6":9,"7":10,"8":3,"9":2,"10":3,"11":2,"12":30,"13":3,"14":3,"15":30},"f":{"0":30,"1":10,"2":10,"3":3,"4":3,"5":3},"b":{"0":[1,9],"1":[2,1],"2":[2,1]},"meta":{"lastBranch":3,"lastFunction":6,"lastStatement":16,"seen":{"f:5:24:5:44":0,"s:7:29:7:Infinity":0,"s:9:22:9:Infinity":1,"f:11:13:11:27":1,"s:12:8:21:Infinity":2,"f:12:8:12:28":2,"s:13:31:13:Infinity":3,"b:15:12:19:Infinity:17:19:19:Infinity":0,"s:15:12:19:Infinity":4,"s:16:16:16:Infinity":5,"s:18:16:18:Infinity":6,"s:20:12:20:Infinity":7,"f:24:13:24:26":3,"b:25:8:27:Infinity:undefined:undefined:undefined:undefined":1,"s:25:8:27:Infinity":8,"s:26:12:26:Infinity":9,"f:30:13:30:30":4,"b:31:8:33:Infinity:undefined:undefined:undefined:undefined":2,"s:31:8:33:Infinity":10,"s:32:12:32:Infinity":11,"s:36:10:36:Infinity":12,"f:38:13:38:29":5,"s:39:8:39:Infinity":13,"s:40:8:40:Infinity":14,"s:43:4:45:Infinity":15},"fnNames":{}}}
,"C:\\Especialització_ItAcademy\\PROJECTE 2 - Budget\\project-2-budget-app\\src\\hooks\\useBudgetList.ts": {"path":"C:\\Especialització_ItAcademy\\PROJECTE 2 - Budget\\project-2-budget-app\\src\\hooks\\useBudgetList.ts","statementMap":{"0":{"start":{"line":6,"column":20},"end":{"line":9,"column":null}},"1":{"start":{"line":7,"column":19},"end":{"line":7,"column":null}},"2":{"start":{"line":8,"column":4},"end":{"line":8,"column":null}},"3":{"start":{"line":11,"column":4},"end":{"line":11,"column":null}},"4":{"start":{"line":11,"column":21},"end":{"line":11,"column":77}},"5":{"start":{"line":15,"column":8},"end":{"line":15,"column":null}},"6":{"start":{"line":15,"column":34},"end":{"line":15,"column":61}},"7":{"start":{"line":18,"column":8},"end":{"line":18,"column":null}}},"fnMap":{"0":{"name":"useBudgetList","decl":{"start":{"line":4,"column":24},"end":{"line":4,"column":39}},"loc":{"start":{"line":4,"column":39},"end":{"line":19,"column":1}},"line":4},"1":{"name":"(anonymous_1)","decl":{"start":{"line":6,"column":34},"end":{"line":6,"column":59}},"loc":{"start":{"line":6,"column":59},"end":{"line":9,"column":5}},"line":6},"2":{"name":"(anonymous_2)","decl":{"start":{"line":11,"column":4},"end":{"line":11,"column":20}},"loc":{"start":{"line":11,"column":20},"end":{"line":11,"column":80}},"line":11},"3":{"name":"addBudgetToList","decl":{"start":{"line":13,"column":13},"end":{"line":13,"column":29}},"loc":{"start":{"line":13,"column":47},"end":{"line":16,"column":9}},"line":13},"4":{"name":"(anonymous_4)","decl":{"start":{"line":15,"column":8},"end":{"line":15,"column":19}},"loc":{"start":{"line":15,"column":34},"end":{"line":15,"column":61}},"line":15}},"branchMap":{"0":{"loc":{"start":{"line":8,"column":11},"end":{"line":8,"column":null}},"type":"cond-expr","locations":[{"start":{"line":8,"column":20},"end":{"line":8,"column":41}},{"start":{"line":8,"column":41},"end":{"line":8,"column":null}}],"line":8}},"s":{"0":16,"1":8,"2":8,"3":16,"4":11,"5":3,"6":3,"7":16},"f":{"0":16,"1":8,"2":11,"3":3,"4":3},"b":{"0":[0,8]},"meta":{"lastBranch":1,"lastFunction":5,"lastStatement":8,"seen":{"f:4:24:4:39":0,"s:6:20:9:Infinity":0,"f:6:34:6:59":1,"s:7:19:7:Infinity":1,"s:8:4:8:Infinity":2,"b:8:20:8:41:8:41:8:Infinity":0,"s:11:4:11:Infinity":3,"f:11:4:11:20":2,"s:11:21:11:77":4,"f:13:13:13:29":3,"s:15:8:15:Infinity":5,"f:15:8:15:19":4,"s:15:34:15:61":6,"s:18:8:18:Infinity":7},"fnNames":{}}}
,"C:\\Especialització_ItAcademy\\PROJECTE 2 - Budget\\project-2-budget-app\\src\\hooks\\useSearchFilter.ts": {"path":"C:\\Especialització_ItAcademy\\PROJECTE 2 - Budget\\project-2-budget-app\\src\\hooks\\useSearchFilter.ts","statementMap":{"0":{"start":{"line":6,"column":23},"end":{"line":6,"column":null}},"1":{"start":{"line":8,"column":22},"end":{"line":8,"column":null}},"2":{"start":{"line":9,"column":26},"end":{"line":9,"column":null}},"3":{"start":{"line":12,"column":8},"end":{"line":17,"column":9}},"4":{"start":{"line":13,"column":8},"end":{"line":13,"column":null}},"5":{"start":{"line":15,"column":8},"end":{"line":15,"column":null}},"6":{"start":{"line":16,"column":8},"end":{"line":16,"column":null}},"7":{"start":{"line":19,"column":26},"end":{"line":34,"column":null}},"8":{"start":{"line":20,"column":8},"end":{"line":34,"column":9}},"9":{"start":{"line":21,"column":8},"end":{"line":23,"column":null}},"10":{"start":{"line":24,"column":15},"end":{"line":34,"column":9}},"11":{"start":{"line":25,"column":8},"end":{"line":27,"column":null}},"12":{"start":{"line":28,"column":15},"end":{"line":34,"column":9}},"13":{"start":{"line":29,"column":8},"end":{"line":31,"column":null}},"14":{"start":{"line":33,"column":12},"end":{"line":33,"column":null}},"15":{"start":{"line":36,"column":28},"end":{"line":36,"column":null}},"16":{"start":{"line":36,"column":61},"end":{"line":36,"column":121}},"17":{"start":{"line":38,"column":4},"end":{"line":38,"column":null}}},"fnMap":{"0":{"name":"useSearchFilter","decl":{"start":{"line":4,"column":24},"end":{"line":4,"column":40}},"loc":{"start":{"line":4,"column":58},"end":{"line":39,"column":null}},"line":4},"1":{"name":"handleSortFilter","decl":{"start":{"line":11,"column":13},"end":{"line":11,"column":30}},"loc":{"start":{"line":11,"column":44},"end":{"line":17,"column":10}},"line":11},"2":{"name":"(anonymous_2)","decl":{"start":{"line":19,"column":39},"end":{"line":19,"column":45}},"loc":{"start":{"line":19,"column":54},"end":{"line":34,"column":10}},"line":19},"3":{"name":"(anonymous_3)","decl":{"start":{"line":36,"column":42},"end":{"line":36,"column":50}},"loc":{"start":{"line":36,"column":61},"end":{"line":36,"column":121}},"line":36}},"branchMap":{"0":{"loc":{"start":{"line":12,"column":8},"end":{"line":17,"column":9}},"type":"if","locations":[{"start":{"line":12,"column":8},"end":{"line":17,"column":9}},{"start":{"line":14,"column":15},"end":{"line":17,"column":9}}],"line":12},"1":{"loc":{"start":{"line":13,"column":25},"end":{"line":13,"column":66}},"type":"cond-expr","locations":[{"start":{"line":13,"column":52},"end":{"line":13,"column":60}},{"start":{"line":13,"column":60},"end":{"line":13,"column":66}}],"line":13},"2":{"loc":{"start":{"line":20,"column":8},"end":{"line":34,"column":9}},"type":"if","locations":[{"start":{"line":20,"column":8},"end":{"line":34,"column":9}},{"start":{"line":24,"column":15},"end":{"line":34,"column":9}}],"line":20},"3":{"loc":{"start":{"line":21,"column":15},"end":{"line":23,"column":null}},"type":"cond-expr","locations":[{"start":{"line":22,"column":10},"end":{"line":22,"column":null}},{"start":{"line":23,"column":10},"end":{"line":23,"column":null}}],"line":21},"4":{"loc":{"start":{"line":24,"column":15},"end":{"line":34,"column":9}},"type":"if","locations":[{"start":{"line":24,"column":15},"end":{"line":34,"column":9}},{"start":{"line":28,"column":15},"end":{"line":34,"column":9}}],"line":24},"5":{"loc":{"start":{"line":25,"column":15},"end":{"line":27,"column":null}},"type":"cond-expr","locations":[{"start":{"line":26,"column":10},"end":{"line":26,"column":null}},{"start":{"line":27,"column":10},"end":{"line":27,"column":null}}],"line":25},"6":{"loc":{"start":{"line":28,"column":15},"end":{"line":34,"column":9}},"type":"if","locations":[{"start":{"line":28,"column":15},"end":{"line":34,"column":9}},{"start":{"line":32,"column":14},"end":{"line":34,"column":9}}],"line":28},"7":{"loc":{"start":{"line":29,"column":15},"end":{"line":31,"column":null}},"type":"cond-expr","locations":[{"start":{"line":30,"column":10},"end":{"line":30,"column":null}},{"start":{"line":31,"column":10},"end":{"line":31,"column":null}}],"line":29}},"s":{"0":29,"1":29,"2":29,"3":4,"4":1,"5":3,"6":3,"7":29,"8":54,"9":48,"10":6,"11":4,"12":2,"13":2,"14":0,"15":29,"16":47,"17":29},"f":{"0":29,"1":4,"2":54,"3":47},"b":{"0":[1,3],"1":[1,0],"2":[48,6],"3":[4,44],"4":[4,2],"5":[0,4],"6":[2,0],"7":[0,2]},"meta":{"lastBranch":8,"lastFunction":4,"lastStatement":18,"seen":{"f:4:24:4:40":0,"s:6:23:6:Infinity":0,"s:8:22:8:Infinity":1,"s:9:26:9:Infinity":2,"f:11:13:11:30":1,"b:12:8:17:9:14:15:17:9":0,"s:12:8:17:9":3,"s:13:8:13:Infinity":4,"b:13:52:13:60:13:60:13:66":1,"s:15:8:15:Infinity":5,"s:16:8:16:Infinity":6,"s:19:26:34:Infinity":7,"f:19:39:19:45":2,"b:20:8:34:9:24:15:34:9":2,"s:20:8:34:9":8,"s:21:8:23:Infinity":9,"b:22:10:22:Infinity:23:10:23:Infinity":3,"b:24:15:34:9:28:15:34:9":4,"s:24:15:34:9":10,"s:25:8:27:Infinity":11,"b:26:10:26:Infinity:27:10:27:Infinity":5,"b:28:15:34:9:32:14:34:9":6,"s:28:15:34:9":12,"s:29:8:31:Infinity":13,"b:30:10:30:Infinity:31:10:31:Infinity":7,"s:33:12:33:Infinity":14,"s:36:28:36:Infinity":15,"f:36:42:36:50":3,"s:36:61:36:121":16,"s:38:4:38:Infinity":17},"fnNames":{}}}
,"C:\\Especialització_ItAcademy\\PROJECTE 2 - Budget\\project-2-budget-app\\src\\pages\\App.tsx": {"path":"C:\\Especialització_ItAcademy\\PROJECTE 2 - Budget\\project-2-budget-app\\src\\pages\\App.tsx","statementMap":{"0":{"start":{"line":17,"column":115},"end":{"line":17,"column":null}},"1":{"start":{"line":19,"column":20},"end":{"line":19,"column":null}},"2":{"start":{"line":21,"column":30},"end":{"line":41,"column":null}},"3":{"start":{"line":23,"column":34},"end":{"line":23,"column":null}},"4":{"start":{"line":25,"column":8},"end":{"line":39,"column":null}},"5":{"start":{"line":44,"column":18},"end":{"line":44,"column":null}},"6":{"start":{"line":44,"column":56},"end":{"line":44,"column":79}},"7":{"start":{"line":45,"column":27},"end":{"line":45,"column":null}},"8":{"start":{"line":48,"column":49},"end":{"line":50,"column":null}},"9":{"start":{"line":49,"column":63},"end":{"line":49,"column":95}},"10":{"start":{"line":50,"column":60},"end":{"line":50,"column":73}},"11":{"start":{"line":52,"column":30},"end":{"line":52,"column":null}},"12":{"start":{"line":53,"column":14},"end":{"line":53,"column":null}},"13":{"start":{"line":55,"column":8},"end":{"line":55,"column":null}},"14":{"start":{"line":57,"column":8},"end":{"line":57,"column":null}},"15":{"start":{"line":58,"column":8},"end":{"line":58,"column":null}},"16":{"start":{"line":61,"column":4},"end":{"line":88,"column":null}}},"fnMap":{"0":{"name":"App","decl":{"start":{"line":15,"column":24},"end":{"line":15,"column":29}},"loc":{"start":{"line":15,"column":29},"end":{"line":90,"column":1}},"line":15},"1":{"name":"(anonymous_1)","decl":{"start":{"line":21,"column":52},"end":{"line":21,"column":57}},"loc":{"start":{"line":21,"column":78},"end":{"line":41,"column":5}},"line":21},"2":{"name":"(anonymous_2)","decl":{"start":{"line":44,"column":40},"end":{"line":44,"column":45}},"loc":{"start":{"line":44,"column":56},"end":{"line":44,"column":79}},"line":44},"3":{"name":"handleClientSubmit","decl":{"start":{"line":47,"column":13},"end":{"line":47,"column":32}},"loc":{"start":{"line":47,"column":59},"end":{"line":59,"column":null}},"line":47},"4":{"name":"(anonymous_4)","decl":{"start":{"line":49,"column":45},"end":{"line":49,"column":52}},"loc":{"start":{"line":49,"column":63},"end":{"line":49,"column":95}},"line":49},"5":{"name":"(anonymous_5)","decl":{"start":{"line":50,"column":45},"end":{"line":50,"column":49}},"loc":{"start":{"line":50,"column":60},"end":{"line":50,"column":73}},"line":50}},"branchMap":{"0":{"loc":{"start":{"line":27,"column":16},"end":{"line":29,"column":null}},"type":"cond-expr","locations":[{"start":{"line":28,"column":22},"end":{"line":28,"column":null}},{"start":{"line":29,"column":22},"end":{"line":29,"column":null}}],"line":27},"1":{"loc":{"start":{"line":34,"column":21},"end":{"line":39,"column":null}},"type":"binary-expr","locations":[{"start":{"line":34,"column":21},"end":{"line":34,"column":48}},{"start":{"line":34,"column":48},"end":{"line":34,"column":null}},{"start":{"line":35,"column":24},"end":{"line":39,"column":null}}],"line":34},"2":{"loc":{"start":{"line":45,"column":27},"end":{"line":45,"column":null}},"type":"binary-expr","locations":[{"start":{"line":45,"column":27},"end":{"line":45,"column":51}},{"start":{"line":45,"column":51},"end":{"line":45,"column":null}}],"line":45},"3":{"loc":{"start":{"line":52,"column":30},"end":{"line":52,"column":null}},"type":"cond-expr","locations":[{"start":{"line":52,"column":45},"end":{"line":52,"column":57}},{"start":{"line":52,"column":57},"end":{"line":52,"column":null}}],"line":52},"4":{"loc":{"start":{"line":74,"column":25},"end":{"line":77,"column":null}},"type":"binary-expr","locations":[{"start":{"line":74,"column":25},"end":{"line":74,"column":null}},{"start":{"line":75,"column":32},"end":{"line":77,"column":null}}],"line":74}},"s":{"0":14,"1":14,"2":14,"3":42,"4":42,"5":14,"6":42,"7":14,"8":2,"9":6,"10":2,"11":2,"12":2,"13":2,"14":2,"15":2,"16":14},"f":{"0":14,"1":42,"2":42,"3":2,"4":6,"5":2},"b":{"0":[5,37],"1":[42,14,1],"2":[14,14],"3":[0,2],"4":[14,5]},"meta":{"lastBranch":5,"lastFunction":6,"lastStatement":17,"seen":{"f:15:24:15:29":0,"s:17:115:17:Infinity":0,"s:19:20:19:Infinity":1,"s:21:30:41:Infinity":2,"f:21:52:21:57":1,"s:23:34:23:Infinity":3,"s:25:8:39:Infinity":4,"b:28:22:28:Infinity:29:22:29:Infinity":0,"b:34:21:34:48:34:48:34:Infinity:35:24:39:Infinity":1,"s:44:18:44:Infinity":5,"f:44:40:44:45":2,"s:44:56:44:79":6,"s:45:27:45:Infinity":7,"b:45:27:45:51:45:51:45:Infinity":2,"f:47:13:47:32":3,"s:48:49:50:Infinity":8,"f:49:45:49:52":4,"s:49:63:49:95":9,"f:50:45:50:49":5,"s:50:60:50:73":10,"s:52:30:52:Infinity":11,"b:52:45:52:57:52:57:52:Infinity":3,"s:53:14:53:Infinity":12,"s:55:8:55:Infinity":13,"s:57:8:57:Infinity":14,"s:58:8:58:Infinity":15,"s:61:4:88:Infinity":16,"b:74:25:74:Infinity:75:32:77:Infinity":4},"fnNames":{}}}
,"C:\\Especialització_ItAcademy\\PROJECTE 2 - Budget\\project-2-budget-app\\src\\pages\\BudgetDetailPage.tsx": {"path":"C:\\Especialització_ItAcademy\\PROJECTE 2 - Budget\\project-2-budget-app\\src\\pages\\BudgetDetailPage.tsx","statementMap":{"0":{"start":{"line":10,"column":11},"end":{"line":10,"column":null}},"1":{"start":{"line":11,"column":21},"end":{"line":11,"column":null}},"2":{"start":{"line":12,"column":19},"end":{"line":12,"column":null}},"3":{"start":{"line":12,"column":37},"end":{"line":12,"column":54}},"4":{"start":{"line":14,"column":4},"end":{"line":16,"column":null}},"5":{"start":{"line":15,"column":8},"end":{"line":15,"column":null}},"6":{"start":{"line":18,"column":4},"end":{"line":18,"column":null}}},"fnMap":{"0":{"name":"BudgetDetailPage","decl":{"start":{"line":9,"column":24},"end":{"line":9,"column":41}},"loc":{"start":{"line":9,"column":77},"end":{"line":19,"column":null}},"line":9},"1":{"name":"(anonymous_1)","decl":{"start":{"line":12,"column":27},"end":{"line":12,"column":32}},"loc":{"start":{"line":12,"column":37},"end":{"line":12,"column":54}},"line":12}},"branchMap":{"0":{"loc":{"start":{"line":14,"column":4},"end":{"line":16,"column":null}},"type":"if","locations":[{"start":{"line":14,"column":4},"end":{"line":16,"column":null}},{"start":{},"end":{}}],"line":14}},"s":{"0":0,"1":0,"2":0,"3":0,"4":0,"5":0,"6":0},"f":{"0":0,"1":0},"b":{"0":[0,0]},"meta":{"lastBranch":1,"lastFunction":2,"lastStatement":7,"seen":{"f:9:24:9:41":0,"s:10:11:10:Infinity":0,"s:11:21:11:Infinity":1,"s:12:19:12:Infinity":2,"f:12:27:12:32":1,"s:12:37:12:54":3,"b:14:4:16:Infinity:undefined:undefined:undefined:undefined":0,"s:14:4:16:Infinity":4,"s:15:8:15:Infinity":5,"s:18:4:18:Infinity":6},"fnNames":{}}}
,"C:\\Especialització_ItAcademy\\PROJECTE 2 - Budget\\project-2-budget-app\\src\\services\\idGenerator.ts": {"path":"C:\\Especialització_ItAcademy\\PROJECTE 2 - Budget\\project-2-budget-app\\src\\services\\idGenerator.ts","statementMap":{"0":{"start":{"line":7,"column":22},"end":{"line":12,"column":null}},"1":{"start":{"line":14,"column":24},"end":{"line":14,"column":null}}},"fnMap":{"0":{"name":"budgetGenerator","decl":{"start":{"line":5,"column":24},"end":{"line":5,"column":40}},"loc":{"start":{"line":5,"column":135},"end":{"line":15,"column":null}},"line":5}},"branchMap":{},"s":{"0":3,"1":3},"f":{"0":3},"b":{},"meta":{"lastBranch":0,"lastFunction":1,"lastStatement":2,"seen":{"f:5:24:5:40":0,"s:7:22:12:Infinity":0,"s:14:24:14:Infinity":1},"fnNames":{}}}
,"C:\\Especialització_ItAcademy\\PROJECTE 2 - Budget\\project-2-budget-app\\src\\services\\priceCalculator.ts": {"path":"C:\\Especialització_ItAcademy\\PROJECTE 2 - Budget\\project-2-budget-app\\src\\services\\priceCalculator.ts","statementMap":{"0":{"start":{"line":7,"column":8},"end":{"line":15,"column":null}},"1":{"start":{"line":8,"column":12},"end":{"line":12,"column":null}},"2":{"start":{"line":9,"column":16},"end":{"line":9,"column":null}},"3":{"start":{"line":11,"column":16},"end":{"line":11,"column":null}},"4":{"start":{"line":14,"column":12},"end":{"line":14,"column":null}},"5":{"start":{"line":17,"column":8},"end":{"line":17,"column":null}},"6":{"start":{"line":22,"column":23},"end":{"line":24,"column":null}},"7":{"start":{"line":23,"column":43},"end":{"line":23,"column":70}},"8":{"start":{"line":24,"column":51},"end":{"line":24,"column":93}},"9":{"start":{"line":25,"column":8},"end":{"line":25,"column":null}}},"fnMap":{"0":{"name":"getServicePrice","decl":{"start":{"line":4,"column":16},"end":{"line":4,"column":32}},"loc":{"start":{"line":4,"column":78},"end":{"line":18,"column":null}},"line":4},"1":{"name":"calculatePrice","decl":{"start":{"line":20,"column":24},"end":{"line":20,"column":39}},"loc":{"start":{"line":20,"column":106},"end":{"line":26,"column":null}},"line":20},"2":{"name":"(anonymous_2)","decl":{"start":{"line":23,"column":25},"end":{"line":23,"column":32}},"loc":{"start":{"line":23,"column":43},"end":{"line":23,"column":70}},"line":23},"3":{"name":"(anonymous_3)","decl":{"start":{"line":24,"column":25},"end":{"line":24,"column":33}},"loc":{"start":{"line":24,"column":51},"end":{"line":24,"column":93}},"line":24}},"branchMap":{"0":{"loc":{"start":{"line":7,"column":8},"end":{"line":15,"column":null}},"type":"if","locations":[{"start":{"line":7,"column":8},"end":{"line":15,"column":null}},{"start":{"line":13,"column":13},"end":{"line":15,"column":null}}],"line":7},"1":{"loc":{"start":{"line":8,"column":12},"end":{"line":12,"column":null}},"type":"if","locations":[{"start":{"line":8,"column":12},"end":{"line":12,"column":null}},{"start":{"line":10,"column":17},"end":{"line":12,"column":null}}],"line":8}},"s":{"0":23,"1":3,"2":1,"3":2,"4":20,"5":23,"6":30,"7":90,"8":9,"9":30},"f":{"0":23,"1":30,"2":90,"3":9},"b":{"0":[3,20],"1":[1,2]},"meta":{"lastBranch":2,"lastFunction":4,"lastStatement":10,"seen":{"f:4:16:4:32":0,"b:7:8:15:Infinity:13:13:15:Infinity":0,"s:7:8:15:Infinity":0,"b:8:12:12:Infinity:10:17:12:Infinity":1,"s:8:12:12:Infinity":1,"s:9:16:9:Infinity":2,"s:11:16:11:Infinity":3,"s:14:12:14:Infinity":4,"s:17:8:17:Infinity":5,"f:20:24:20:39":1,"s:22:23:24:Infinity":6,"f:23:25:23:32":2,"s:23:43:23:70":7,"f:24:25:24:33":3,"s:24:51:24:93":8,"s:25:8:25:Infinity":9},"fnNames":{}}}
,"C:\\Especialització_ItAcademy\\PROJECTE 2 - Budget\\project-2-budget-app\\src\\utils\\formatDate.ts": {"path":"C:\\Especialització_ItAcademy\\PROJECTE 2 - Budget\\project-2-budget-app\\src\\utils\\formatDate.ts","statementMap":{"0":{"start":{"line":4,"column":17},"end":{"line":4,"column":null}},"1":{"start":{"line":5,"column":4},"end":{"line":9,"column":null}}},"fnMap":{"0":{"name":"formatDate","decl":{"start":{"line":3,"column":16},"end":{"line":3,"column":27}},"loc":{"start":{"line":3,"column":53},"end":{"line":10,"column":null}},"line":3}},"branchMap":{},"s":{"0":11,"1":11},"f":{"0":11},"b":{},"meta":{"lastBranch":0,"lastFunction":1,"lastStatement":2,"seen":{"f:3:16:3:27":0,"s:4:17:4:Infinity":0,"s:5:4:9:Infinity":1},"fnNames":{}}}
}
